TN:
SF:src/App.ts
FN:15,(anonymous_1)
FN:37,(anonymous_2)
FN:46,(anonymous_3)
FN:66,(anonymous_4)
FN:76,(anonymous_5)
FN:83,(anonymous_6)
FNF:6
FNH:6
FNDA:3,(anonymous_1)
FNDA:3,(anonymous_2)
FNDA:3,(anonymous_3)
FNDA:1,(anonymous_4)
FNDA:2,(anonymous_5)
FNDA:3,(anonymous_6)
DA:1,5
DA:2,5
DA:3,5
DA:4,5
DA:5,5
DA:6,5
DA:7,5
DA:8,5
DA:10,5
DA:16,3
DA:17,3
DA:20,3
DA:23,3
DA:26,3
DA:29,3
DA:30,3
DA:38,3
DA:39,3
DA:40,3
DA:50,3
DA:51,3
DA:52,3
DA:56,3
DA:63,3
DA:73,1
DA:80,2
DA:84,3
LF:27
LH:27
BRDA:29,0,0,3
BRDA:29,1,0,3
BRDA:29,1,1,3
BRF:3
BRH:3
end_of_record
TN:
SF:src/global.ts
FN:9,(anonymous_0)
FNF:1
FNH:1
FNDA:8,(anonymous_0)
DA:9,5
DA:10,8
LF:2
LH:2
BRF:0
BRH:0
end_of_record
TN:
SF:src/routes.ts
FN:8,registerRoutes
FNF:1
FNH:1
FNDA:3,registerRoutes
DA:1,5
DA:2,5
DA:8,5
DA:9,3
DA:13,3
DA:14,3
DA:16,3
LF:7
LH:7
BRF:0
BRH:0
end_of_record
TN:
SF:src/abstractions/ApiError.ts
FN:19,(anonymous_0)
FNF:1
FNH:1
FNDA:1,(anonymous_0)
DA:13,1
DA:15,1
DA:20,1
DA:21,1
DA:22,1
DA:23,1
DA:27,5
LF:7
LH:7
BRDA:19,0,0,1
BRF:1
BRH:1
end_of_record
TN:
SF:src/components/BaseApi.ts
FN:12,(anonymous_1)
FN:23,(anonymous_2)
FNF:2
FNH:2
FNDA:3,(anonymous_1)
FNDA:4,(anonymous_2)
DA:1,5
DA:2,5
DA:3,5
DA:4,5
DA:9,5
DA:13,3
DA:24,4
DA:25,4
DA:26,4
DA:30,4
DA:32,4
DA:33,0
DA:35,4
LF:13
LH:12
BRDA:23,0,0,4
BRDA:26,1,0,4
BRDA:27,2,0,4
BRDA:27,2,1,4
BRDA:32,3,0,0
BRF:5
BRH:4
end_of_record
TN:
SF:src/components/system-status/system-status.controller.ts
FN:21,(anonymous_7)
FN:28,(anonymous_8)
FN:43,(anonymous_9)
FN:74,(anonymous_10)
FN:92,(anonymous_11)
FN:119,(anonymous_12)
FN:153,(anonymous_13)
FNF:7
FNH:7
FNDA:3,(anonymous_7)
FNDA:3,(anonymous_8)
FNDA:1,(anonymous_9)
FNDA:1,(anonymous_10)
FNDA:1,(anonymous_11)
FNDA:1,(anonymous_12)
FNDA:1,(anonymous_13)
DA:2,5
DA:3,5
DA:4,5
DA:5,5
DA:6,5
DA:17,5
DA:22,3
DA:29,3
DA:30,3
DA:31,3
DA:32,3
DA:33,3
DA:34,3
DA:48,1
DA:49,1
DA:60,1
DA:62,1
DA:64,0
DA:75,1
DA:76,1
DA:82,1
DA:97,1
DA:98,1
DA:99,1
DA:102,1
DA:106,1
DA:107,1
DA:109,0
DA:124,1
DA:125,1
DA:126,1
DA:127,1
DA:129,1
DA:140,1
DA:141,1
DA:143,0
DA:158,1
DA:159,1
DA:168,1
DA:169,1
DA:171,0
LF:41
LH:37
BRF:0
BRH:0
end_of_record
TN:
SF:src/database/base-entity-attributes.ts
FNF:0
FNH:0
DA:2,2
DA:4,2
DA:28,2
LF:3
LH:3
BRF:0
BRH:0
end_of_record
TN:
SF:src/database/index.ts
FNF:0
FNH:0
DA:1,5
DA:2,5
DA:3,5
DA:4,5
DA:6,5
DA:7,5
DA:16,5
DA:18,5
DA:20,5
DA:32,5
LF:10
LH:10
BRDA:6,0,0,5
BRF:1
BRH:1
end_of_record
TN:
SF:src/database/umzug.ts
FNF:0
FNH:0
DA:1,5
DA:5,5
DA:7,5
LF:3
LH:3
BRF:0
BRH:0
end_of_record
TN:
SF:src/environments/environment.constant.ts
FN:1,(anonymous_0)
FN:8,(anonymous_1)
FNF:2
FNH:2
FNDA:7,(anonymous_0)
FNDA:7,(anonymous_1)
DA:1,7
DA:2,7
DA:3,7
DA:4,7
DA:5,7
DA:8,7
DA:9,7
DA:10,7
DA:11,7
DA:12,7
LF:10
LH:10
BRDA:1,0,0,7
BRDA:1,0,1,7
BRDA:8,1,0,7
BRDA:8,1,1,7
BRF:4
BRH:4
end_of_record
TN:
SF:src/environments/environment.ts
FN:40,(anonymous_6)
FN:68,(anonymous_7)
FN:76,(anonymous_8)
FN:106,(anonymous_9)
FN:114,(anonymous_10)
FN:122,(anonymous_11)
FN:130,(anonymous_12)
FNF:7
FNH:7
FNDA:20,(anonymous_6)
FNDA:26,(anonymous_7)
FNDA:23,(anonymous_8)
FNDA:5,(anonymous_9)
FNDA:7,(anonymous_10)
FNDA:8,(anonymous_11)
FNDA:1,(anonymous_12)
DA:1,7
DA:2,7
DA:3,7
DA:4,7
DA:42,20
DA:43,20
DA:45,20
DA:46,20
DA:48,20
DA:49,20
DA:52,20
DA:53,20
DA:54,20
DA:55,20
DA:56,20
DA:59,20
DA:60,20
DA:61,20
DA:69,26
DA:78,23
DA:79,23
DA:80,23
DA:82,1
DA:83,1
DA:85,18
DA:86,18
DA:88,1
DA:89,1
DA:91,3
DA:92,3
DA:94,0
DA:96,23
DA:97,2
DA:99,21
DA:107,5
DA:115,7
DA:123,8
DA:131,1
DA:135,7
LF:39
LH:38
BRDA:42,0,0,20
BRDA:42,0,1,13
BRDA:42,0,2,1
BRDA:45,1,0,20
BRDA:45,1,1,1
BRDA:52,2,0,20
BRDA:52,2,1,0
BRDA:53,3,0,20
BRDA:53,3,1,0
BRDA:54,4,0,20
BRDA:54,4,1,0
BRDA:55,5,0,20
BRDA:55,5,1,0
BRDA:56,6,0,20
BRDA:56,6,1,0
BRDA:59,7,0,20
BRDA:59,7,1,20
BRDA:60,8,0,20
BRDA:60,8,1,0
BRDA:61,9,0,20
BRDA:61,9,1,0
BRDA:78,10,0,23
BRDA:78,10,1,0
BRDA:80,11,0,1
BRDA:80,11,1,18
BRDA:80,11,2,1
BRDA:80,11,3,3
BRDA:80,11,4,0
BRDA:96,12,0,2
BRF:29
BRH:20
end_of_record
TN:
SF:src/lib/crypto.ts
FN:23,(anonymous_6)
FN:71,(anonymous_7)
FNF:2
FNH:2
FNDA:3,(anonymous_6)
FNDA:3,(anonymous_7)
DA:1,6
DA:3,6
DA:5,6
DA:11,6
DA:15,6
DA:18,6
DA:21,6
DA:25,3
DA:26,3
DA:29,3
DA:32,3
DA:45,3
DA:52,3
DA:57,3
DA:60,3
DA:63,3
DA:68,3
DA:73,3
DA:74,3
DA:78,3
DA:81,3
DA:90,3
DA:96,3
DA:99,3
DA:102,3
DA:105,3
DA:111,3
DA:115,3
DA:118,3
LF:29
LH:29
BRF:0
BRH:0
end_of_record
TN:
SF:src/lib/logger.ts
FNF:0
FNH:0
DA:1,5
DA:3,5
DA:5,5
DA:7,5
DA:8,0
DA:11,5
DA:19,5
LF:7
LH:6
BRDA:7,0,0,0
BRF:1
BRH:0
end_of_record
TN:
SF:src/middleware/error-handler.middleware.ts
FN:8,(anonymous_7)
FNF:1
FNH:1
FNDA:3,(anonymous_7)
DA:1,5
DA:3,5
DA:5,5
DA:6,5
DA:8,5
DA:14,3
DA:15,3
DA:16,3
DA:23,3
DA:32,3
DA:33,0
DA:35,3
DA:36,0
DA:38,3
DA:39,3
DA:41,3
DA:44,5
LF:17
LH:15
BRDA:14,0,0,3
BRDA:15,1,0,3
BRDA:15,1,1,1
BRDA:25,2,0,3
BRDA:25,2,1,2
BRDA:32,3,0,0
BRDA:32,4,0,3
BRDA:32,4,1,3
BRDA:35,5,0,0
BRDA:35,6,0,3
BRDA:35,6,1,3
BRF:11
BRH:9
end_of_record
TN:
SF:src/models/Entity.ts
FNF:0
FNH:0
DA:1,5
DA:17,5
DA:23,5
DA:30,5
LF:4
LH:4
BRF:0
BRH:0
end_of_record
TN:
SF:src/models/User.ts
FN:24,(anonymous_3)
FNF:1
FNH:0
FNDA:0,(anonymous_3)
DA:1,5
DA:7,5
DA:23,5
DA:25,0
DA:30,5
LF:5
LH:4
BRF:0
BRH:0
end_of_record
